[2025-05-23 17:31:42] local.ERROR: Class "App\Http\Controllers\Controller" not found {"exception":"[object] (Error(code: 0): Class \"App\\Http\\Controllers\\Controller\" not found at C:\\Users\\Leandro Pivovarsky\\github\\sigac-trabalho-semestral-yoshimidevz\\sigac\\app\\Http\\Controllers\\NivelController.php:8)
[stacktrace]
#0 C:\\Users\\Leandro Pivovarsky\\github\\sigac-trabalho-semestral-yoshimidevz\\sigac\\vendor\\composer\\ClassLoader.php(576): include()
#1 C:\\Users\\Leandro Pivovarsky\\github\\sigac-trabalho-semestral-yoshimidevz\\sigac\\vendor\\composer\\ClassLoader.php(427): Composer\\Autoload\\{closure}('C:\\\\Users\\\\Leandr...')
#2 [internal function]: Composer\\Autoload\\ClassLoader->loadClass('App\\\\Http\\\\Contro...')
#3 C:\\Users\\Leandro Pivovarsky\\github\\sigac-trabalho-semestral-yoshimidevz\\sigac\\vendor\\laravel\\framework\\src\\Illuminate\\Routing\\Route.php(1119): is_a('App\\\\Http\\\\Contro...', 'Illuminate\\\\Rout...', true)
#4 C:\\Users\\Leandro Pivovarsky\\github\\sigac-trabalho-semestral-yoshimidevz\\sigac\\vendor\\laravel\\framework\\src\\Illuminate\\Routing\\Route.php(1056): Illuminate\\Routing\\Route->controllerMiddleware()
#5 C:\\Users\\Leandro Pivovarsky\\github\\sigac-trabalho-semestral-yoshimidevz\\sigac\\vendor\\laravel\\framework\\src\\Illuminate\\Routing\\Router.php(820): Illuminate\\Routing\\Route->gatherMiddleware()
#6 C:\\Users\\Leandro Pivovarsky\\github\\sigac-trabalho-semestral-yoshimidevz\\sigac\\vendor\\laravel\\framework\\src\\Illuminate\\Routing\\Router.php(802): Illuminate\\Routing\\Router->gatherRouteMiddleware(Object(Illuminate\\Routing\\Route))
#7 C:\\Users\\Leandro Pivovarsky\\github\\sigac-trabalho-semestral-yoshimidevz\\sigac\\vendor\\laravel\\framework\\src\\Illuminate\\Routing\\Router.php(786): Illuminate\\Routing\\Router->runRouteWithinStack(Object(Illuminate\\Routing\\Route), Object(Illuminate\\Http\\Request))
#8 C:\\Users\\Leandro Pivovarsky\\github\\sigac-trabalho-semestral-yoshimidevz\\sigac\\vendor\\laravel\\framework\\src\\Illuminate\\Routing\\Router.php(750): Illuminate\\Routing\\Router->runRoute(Object(Illuminate\\Http\\Request), Object(Illuminate\\Routing\\Route))
#9 C:\\Users\\Leandro Pivovarsky\\github\\sigac-trabalho-semestral-yoshimidevz\\sigac\\vendor\\laravel\\framework\\src\\Illuminate\\Routing\\Router.php(739): Illuminate\\Routing\\Router->dispatchToRoute(Object(Illuminate\\Http\\Request))
#10 C:\\Users\\Leandro Pivovarsky\\github\\sigac-trabalho-semestral-yoshimidevz\\sigac\\vendor\\laravel\\framework\\src\\Illuminate\\Foundation\\Http\\Kernel.php(200): Illuminate\\Routing\\Router->dispatch(Object(Illuminate\\Http\\Request))
#11 C:\\Users\\Leandro Pivovarsky\\github\\sigac-trabalho-semestral-yoshimidevz\\sigac\\vendor\\laravel\\framework\\src\\Illuminate\\Pipeline\\Pipeline.php(169): Illuminate\\Foundation\\Http\\Kernel->Illuminate\\Foundation\\Http\\{closure}(Object(Illuminate\\Http\\Request))
#12 C:\\Users\\Leandro Pivovarsky\\github\\sigac-trabalho-semestral-yoshimidevz\\sigac\\vendor\\laravel\\framework\\src\\Illuminate\\Foundation\\Http\\Middleware\\TransformsRequest.php(21): Illuminate\\Pipeline\\Pipeline->Illuminate\\Pipeline\\{closure}(Object(Illuminate\\Http\\Request))
#13 C:\\Users\\Leandro Pivovarsky\\github\\sigac-trabalho-semestral-yoshimidevz\\sigac\\vendor\\laravel\\framework\\src\\Illuminate\\Foundation\\Http\\Middleware\\ConvertEmptyStringsToNull.php(31): Illuminate\\Foundation\\Http\\Middleware\\TransformsRequest->handle(Object(Illuminate\\Http\\Request), Object(Closure))
#14 C:\\Users\\Leandro Pivovarsky\\github\\sigac-trabalho-semestral-yoshimidevz\\sigac\\vendor\\laravel\\framework\\src\\Illuminate\\Pipeline\\Pipeline.php(208): Illuminate\\Foundation\\Http\\Middleware\\ConvertEmptyStringsToNull->handle(Object(Illuminate\\Http\\Request), Object(Closure))
#15 C:\\Users\\Leandro Pivovarsky\\github\\sigac-trabalho-semestral-yoshimidevz\\sigac\\vendor\\laravel\\framework\\src\\Illuminate\\Foundation\\Http\\Middleware\\TransformsRequest.php(21): Illuminate\\Pipeline\\Pipeline->Illuminate\\Pipeline\\{closure}(Object(Illuminate\\Http\\Request))
#16 C:\\Users\\Leandro Pivovarsky\\github\\sigac-trabalho-semestral-yoshimidevz\\sigac\\vendor\\laravel\\framework\\src\\Illuminate\\Foundation\\Http\\Middleware\\TrimStrings.php(51): Illuminate\\Foundation\\Http\\Middleware\\TransformsRequest->handle(Object(Illuminate\\Http\\Request), Object(Closure))
#17 C:\\Users\\Leandro Pivovarsky\\github\\sigac-trabalho-semestral-yoshimidevz\\sigac\\vendor\\laravel\\framework\\src\\Illuminate\\Pipeline\\Pipeline.php(208): Illuminate\\Foundation\\Http\\Middleware\\TrimStrings->handle(Object(Illuminate\\Http\\Request), Object(Closure))
#18 C:\\Users\\Leandro Pivovarsky\\github\\sigac-trabalho-semestral-yoshimidevz\\sigac\\vendor\\laravel\\framework\\src\\Illuminate\\Http\\Middleware\\ValidatePostSize.php(27): Illuminate\\Pipeline\\Pipeline->Illuminate\\Pipeline\\{closure}(Object(Illuminate\\Http\\Request))
#19 C:\\Users\\Leandro Pivovarsky\\github\\sigac-trabalho-semestral-yoshimidevz\\sigac\\vendor\\laravel\\framework\\src\\Illuminate\\Pipeline\\Pipeline.php(208): Illuminate\\Http\\Middleware\\ValidatePostSize->handle(Object(Illuminate\\Http\\Request), Object(Closure))
#20 C:\\Users\\Leandro Pivovarsky\\github\\sigac-trabalho-semestral-yoshimidevz\\sigac\\vendor\\laravel\\framework\\src\\Illuminate\\Foundation\\Http\\Middleware\\PreventRequestsDuringMaintenance.php(109): Illuminate\\Pipeline\\Pipeline->Illuminate\\Pipeline\\{closure}(Object(Illuminate\\Http\\Request))
#21 C:\\Users\\Leandro Pivovarsky\\github\\sigac-trabalho-semestral-yoshimidevz\\sigac\\vendor\\laravel\\framework\\src\\Illuminate\\Pipeline\\Pipeline.php(208): Illuminate\\Foundation\\Http\\Middleware\\PreventRequestsDuringMaintenance->handle(Object(Illuminate\\Http\\Request), Object(Closure))
#22 C:\\Users\\Leandro Pivovarsky\\github\\sigac-trabalho-semestral-yoshimidevz\\sigac\\vendor\\laravel\\framework\\src\\Illuminate\\Http\\Middleware\\HandleCors.php(48): Illuminate\\Pipeline\\Pipeline->Illuminate\\Pipeline\\{closure}(Object(Illuminate\\Http\\Request))
#23 C:\\Users\\Leandro Pivovarsky\\github\\sigac-trabalho-semestral-yoshimidevz\\sigac\\vendor\\laravel\\framework\\src\\Illuminate\\Pipeline\\Pipeline.php(208): Illuminate\\Http\\Middleware\\HandleCors->handle(Object(Illuminate\\Http\\Request), Object(Closure))
#24 C:\\Users\\Leandro Pivovarsky\\github\\sigac-trabalho-semestral-yoshimidevz\\sigac\\vendor\\laravel\\framework\\src\\Illuminate\\Http\\Middleware\\TrustProxies.php(58): Illuminate\\Pipeline\\Pipeline->Illuminate\\Pipeline\\{closure}(Object(Illuminate\\Http\\Request))
#25 C:\\Users\\Leandro Pivovarsky\\github\\sigac-trabalho-semestral-yoshimidevz\\sigac\\vendor\\laravel\\framework\\src\\Illuminate\\Pipeline\\Pipeline.php(208): Illuminate\\Http\\Middleware\\TrustProxies->handle(Object(Illuminate\\Http\\Request), Object(Closure))
#26 C:\\Users\\Leandro Pivovarsky\\github\\sigac-trabalho-semestral-yoshimidevz\\sigac\\vendor\\laravel\\framework\\src\\Illuminate\\Foundation\\Http\\Middleware\\InvokeDeferredCallbacks.php(22): Illuminate\\Pipeline\\Pipeline->Illuminate\\Pipeline\\{closure}(Object(Illuminate\\Http\\Request))
#27 C:\\Users\\Leandro Pivovarsky\\github\\sigac-trabalho-semestral-yoshimidevz\\sigac\\vendor\\laravel\\framework\\src\\Illuminate\\Pipeline\\Pipeline.php(208): Illuminate\\Foundation\\Http\\Middleware\\InvokeDeferredCallbacks->handle(Object(Illuminate\\Http\\Request), Object(Closure))
#28 C:\\Users\\Leandro Pivovarsky\\github\\sigac-trabalho-semestral-yoshimidevz\\sigac\\vendor\\laravel\\framework\\src\\Illuminate\\Http\\Middleware\\ValidatePathEncoding.php(26): Illuminate\\Pipeline\\Pipeline->Illuminate\\Pipeline\\{closure}(Object(Illuminate\\Http\\Request))
#29 C:\\Users\\Leandro Pivovarsky\\github\\sigac-trabalho-semestral-yoshimidevz\\sigac\\vendor\\laravel\\framework\\src\\Illuminate\\Pipeline\\Pipeline.php(208): Illuminate\\Http\\Middleware\\ValidatePathEncoding->handle(Object(Illuminate\\Http\\Request), Object(Closure))
#30 C:\\Users\\Leandro Pivovarsky\\github\\sigac-trabalho-semestral-yoshimidevz\\sigac\\vendor\\laravel\\framework\\src\\Illuminate\\Pipeline\\Pipeline.php(126): Illuminate\\Pipeline\\Pipeline->Illuminate\\Pipeline\\{closure}(Object(Illuminate\\Http\\Request))
#31 C:\\Users\\Leandro Pivovarsky\\github\\sigac-trabalho-semestral-yoshimidevz\\sigac\\vendor\\laravel\\framework\\src\\Illuminate\\Foundation\\Http\\Kernel.php(175): Illuminate\\Pipeline\\Pipeline->then(Object(Closure))
#32 C:\\Users\\Leandro Pivovarsky\\github\\sigac-trabalho-semestral-yoshimidevz\\sigac\\vendor\\laravel\\framework\\src\\Illuminate\\Foundation\\Http\\Kernel.php(144): Illuminate\\Foundation\\Http\\Kernel->sendRequestThroughRouter(Object(Illuminate\\Http\\Request))
#33 C:\\Users\\Leandro Pivovarsky\\github\\sigac-trabalho-semestral-yoshimidevz\\sigac\\vendor\\laravel\\framework\\src\\Illuminate\\Foundation\\Application.php(1219): Illuminate\\Foundation\\Http\\Kernel->handle(Object(Illuminate\\Http\\Request))
#34 C:\\Users\\Leandro Pivovarsky\\github\\sigac-trabalho-semestral-yoshimidevz\\sigac\\public\\index.php(20): Illuminate\\Foundation\\Application->handleRequest(Object(Illuminate\\Http\\Request))
#35 C:\\Users\\Leandro Pivovarsky\\github\\sigac-trabalho-semestral-yoshimidevz\\sigac\\vendor\\laravel\\framework\\src\\Illuminate\\Foundation\\resources\\server.php(23): require_once('C:\\\\Users\\\\Leandr...')
#36 {main}
"} 
[2025-05-23 17:32:03] local.ERROR: Class "App\Http\Controllers\Controller" not found {"exception":"[object] (Error(code: 0): Class \"App\\Http\\Controllers\\Controller\" not found at C:\\Users\\Leandro Pivovarsky\\github\\sigac-trabalho-semestral-yoshimidevz\\sigac\\app\\Http\\Controllers\\HomeController.php:11)
[stacktrace]
#0 C:\\Users\\Leandro Pivovarsky\\github\\sigac-trabalho-semestral-yoshimidevz\\sigac\\vendor\\composer\\ClassLoader.php(576): include()
#1 C:\\Users\\Leandro Pivovarsky\\github\\sigac-trabalho-semestral-yoshimidevz\\sigac\\vendor\\composer\\ClassLoader.php(427): Composer\\Autoload\\{closure}('C:\\\\Users\\\\Leandr...')
#2 [internal function]: Composer\\Autoload\\ClassLoader->loadClass('App\\\\Http\\\\Contro...')
#3 C:\\Users\\Leandro Pivovarsky\\github\\sigac-trabalho-semestral-yoshimidevz\\sigac\\vendor\\laravel\\framework\\src\\Illuminate\\Routing\\Route.php(1119): is_a('App\\\\Http\\\\Contro...', 'Illuminate\\\\Rout...', true)
#4 C:\\Users\\Leandro Pivovarsky\\github\\sigac-trabalho-semestral-yoshimidevz\\sigac\\vendor\\laravel\\framework\\src\\Illuminate\\Routing\\Route.php(1056): Illuminate\\Routing\\Route->controllerMiddleware()
#5 C:\\Users\\Leandro Pivovarsky\\github\\sigac-trabalho-semestral-yoshimidevz\\sigac\\vendor\\laravel\\framework\\src\\Illuminate\\Routing\\Router.php(820): Illuminate\\Routing\\Route->gatherMiddleware()
#6 C:\\Users\\Leandro Pivovarsky\\github\\sigac-trabalho-semestral-yoshimidevz\\sigac\\vendor\\laravel\\framework\\src\\Illuminate\\Routing\\Router.php(802): Illuminate\\Routing\\Router->gatherRouteMiddleware(Object(Illuminate\\Routing\\Route))
#7 C:\\Users\\Leandro Pivovarsky\\github\\sigac-trabalho-semestral-yoshimidevz\\sigac\\vendor\\laravel\\framework\\src\\Illuminate\\Routing\\Router.php(786): Illuminate\\Routing\\Router->runRouteWithinStack(Object(Illuminate\\Routing\\Route), Object(Illuminate\\Http\\Request))
#8 C:\\Users\\Leandro Pivovarsky\\github\\sigac-trabalho-semestral-yoshimidevz\\sigac\\vendor\\laravel\\framework\\src\\Illuminate\\Routing\\Router.php(750): Illuminate\\Routing\\Router->runRoute(Object(Illuminate\\Http\\Request), Object(Illuminate\\Routing\\Route))
#9 C:\\Users\\Leandro Pivovarsky\\github\\sigac-trabalho-semestral-yoshimidevz\\sigac\\vendor\\laravel\\framework\\src\\Illuminate\\Routing\\Router.php(739): Illuminate\\Routing\\Router->dispatchToRoute(Object(Illuminate\\Http\\Request))
#10 C:\\Users\\Leandro Pivovarsky\\github\\sigac-trabalho-semestral-yoshimidevz\\sigac\\vendor\\laravel\\framework\\src\\Illuminate\\Foundation\\Http\\Kernel.php(200): Illuminate\\Routing\\Router->dispatch(Object(Illuminate\\Http\\Request))
#11 C:\\Users\\Leandro Pivovarsky\\github\\sigac-trabalho-semestral-yoshimidevz\\sigac\\vendor\\laravel\\framework\\src\\Illuminate\\Pipeline\\Pipeline.php(169): Illuminate\\Foundation\\Http\\Kernel->Illuminate\\Foundation\\Http\\{closure}(Object(Illuminate\\Http\\Request))
#12 C:\\Users\\Leandro Pivovarsky\\github\\sigac-trabalho-semestral-yoshimidevz\\sigac\\vendor\\laravel\\framework\\src\\Illuminate\\Foundation\\Http\\Middleware\\TransformsRequest.php(21): Illuminate\\Pipeline\\Pipeline->Illuminate\\Pipeline\\{closure}(Object(Illuminate\\Http\\Request))
#13 C:\\Users\\Leandro Pivovarsky\\github\\sigac-trabalho-semestral-yoshimidevz\\sigac\\vendor\\laravel\\framework\\src\\Illuminate\\Foundation\\Http\\Middleware\\ConvertEmptyStringsToNull.php(31): Illuminate\\Foundation\\Http\\Middleware\\TransformsRequest->handle(Object(Illuminate\\Http\\Request), Object(Closure))
#14 C:\\Users\\Leandro Pivovarsky\\github\\sigac-trabalho-semestral-yoshimidevz\\sigac\\vendor\\laravel\\framework\\src\\Illuminate\\Pipeline\\Pipeline.php(208): Illuminate\\Foundation\\Http\\Middleware\\ConvertEmptyStringsToNull->handle(Object(Illuminate\\Http\\Request), Object(Closure))
#15 C:\\Users\\Leandro Pivovarsky\\github\\sigac-trabalho-semestral-yoshimidevz\\sigac\\vendor\\laravel\\framework\\src\\Illuminate\\Foundation\\Http\\Middleware\\TransformsRequest.php(21): Illuminate\\Pipeline\\Pipeline->Illuminate\\Pipeline\\{closure}(Object(Illuminate\\Http\\Request))
#16 C:\\Users\\Leandro Pivovarsky\\github\\sigac-trabalho-semestral-yoshimidevz\\sigac\\vendor\\laravel\\framework\\src\\Illuminate\\Foundation\\Http\\Middleware\\TrimStrings.php(51): Illuminate\\Foundation\\Http\\Middleware\\TransformsRequest->handle(Object(Illuminate\\Http\\Request), Object(Closure))
#17 C:\\Users\\Leandro Pivovarsky\\github\\sigac-trabalho-semestral-yoshimidevz\\sigac\\vendor\\laravel\\framework\\src\\Illuminate\\Pipeline\\Pipeline.php(208): Illuminate\\Foundation\\Http\\Middleware\\TrimStrings->handle(Object(Illuminate\\Http\\Request), Object(Closure))
#18 C:\\Users\\Leandro Pivovarsky\\github\\sigac-trabalho-semestral-yoshimidevz\\sigac\\vendor\\laravel\\framework\\src\\Illuminate\\Http\\Middleware\\ValidatePostSize.php(27): Illuminate\\Pipeline\\Pipeline->Illuminate\\Pipeline\\{closure}(Object(Illuminate\\Http\\Request))
#19 C:\\Users\\Leandro Pivovarsky\\github\\sigac-trabalho-semestral-yoshimidevz\\sigac\\vendor\\laravel\\framework\\src\\Illuminate\\Pipeline\\Pipeline.php(208): Illuminate\\Http\\Middleware\\ValidatePostSize->handle(Object(Illuminate\\Http\\Request), Object(Closure))
#20 C:\\Users\\Leandro Pivovarsky\\github\\sigac-trabalho-semestral-yoshimidevz\\sigac\\vendor\\laravel\\framework\\src\\Illuminate\\Foundation\\Http\\Middleware\\PreventRequestsDuringMaintenance.php(109): Illuminate\\Pipeline\\Pipeline->Illuminate\\Pipeline\\{closure}(Object(Illuminate\\Http\\Request))
#21 C:\\Users\\Leandro Pivovarsky\\github\\sigac-trabalho-semestral-yoshimidevz\\sigac\\vendor\\laravel\\framework\\src\\Illuminate\\Pipeline\\Pipeline.php(208): Illuminate\\Foundation\\Http\\Middleware\\PreventRequestsDuringMaintenance->handle(Object(Illuminate\\Http\\Request), Object(Closure))
#22 C:\\Users\\Leandro Pivovarsky\\github\\sigac-trabalho-semestral-yoshimidevz\\sigac\\vendor\\laravel\\framework\\src\\Illuminate\\Http\\Middleware\\HandleCors.php(48): Illuminate\\Pipeline\\Pipeline->Illuminate\\Pipeline\\{closure}(Object(Illuminate\\Http\\Request))
#23 C:\\Users\\Leandro Pivovarsky\\github\\sigac-trabalho-semestral-yoshimidevz\\sigac\\vendor\\laravel\\framework\\src\\Illuminate\\Pipeline\\Pipeline.php(208): Illuminate\\Http\\Middleware\\HandleCors->handle(Object(Illuminate\\Http\\Request), Object(Closure))
#24 C:\\Users\\Leandro Pivovarsky\\github\\sigac-trabalho-semestral-yoshimidevz\\sigac\\vendor\\laravel\\framework\\src\\Illuminate\\Http\\Middleware\\TrustProxies.php(58): Illuminate\\Pipeline\\Pipeline->Illuminate\\Pipeline\\{closure}(Object(Illuminate\\Http\\Request))
#25 C:\\Users\\Leandro Pivovarsky\\github\\sigac-trabalho-semestral-yoshimidevz\\sigac\\vendor\\laravel\\framework\\src\\Illuminate\\Pipeline\\Pipeline.php(208): Illuminate\\Http\\Middleware\\TrustProxies->handle(Object(Illuminate\\Http\\Request), Object(Closure))
#26 C:\\Users\\Leandro Pivovarsky\\github\\sigac-trabalho-semestral-yoshimidevz\\sigac\\vendor\\laravel\\framework\\src\\Illuminate\\Foundation\\Http\\Middleware\\InvokeDeferredCallbacks.php(22): Illuminate\\Pipeline\\Pipeline->Illuminate\\Pipeline\\{closure}(Object(Illuminate\\Http\\Request))
#27 C:\\Users\\Leandro Pivovarsky\\github\\sigac-trabalho-semestral-yoshimidevz\\sigac\\vendor\\laravel\\framework\\src\\Illuminate\\Pipeline\\Pipeline.php(208): Illuminate\\Foundation\\Http\\Middleware\\InvokeDeferredCallbacks->handle(Object(Illuminate\\Http\\Request), Object(Closure))
#28 C:\\Users\\Leandro Pivovarsky\\github\\sigac-trabalho-semestral-yoshimidevz\\sigac\\vendor\\laravel\\framework\\src\\Illuminate\\Http\\Middleware\\ValidatePathEncoding.php(26): Illuminate\\Pipeline\\Pipeline->Illuminate\\Pipeline\\{closure}(Object(Illuminate\\Http\\Request))
#29 C:\\Users\\Leandro Pivovarsky\\github\\sigac-trabalho-semestral-yoshimidevz\\sigac\\vendor\\laravel\\framework\\src\\Illuminate\\Pipeline\\Pipeline.php(208): Illuminate\\Http\\Middleware\\ValidatePathEncoding->handle(Object(Illuminate\\Http\\Request), Object(Closure))
#30 C:\\Users\\Leandro Pivovarsky\\github\\sigac-trabalho-semestral-yoshimidevz\\sigac\\vendor\\laravel\\framework\\src\\Illuminate\\Pipeline\\Pipeline.php(126): Illuminate\\Pipeline\\Pipeline->Illuminate\\Pipeline\\{closure}(Object(Illuminate\\Http\\Request))
#31 C:\\Users\\Leandro Pivovarsky\\github\\sigac-trabalho-semestral-yoshimidevz\\sigac\\vendor\\laravel\\framework\\src\\Illuminate\\Foundation\\Http\\Kernel.php(175): Illuminate\\Pipeline\\Pipeline->then(Object(Closure))
#32 C:\\Users\\Leandro Pivovarsky\\github\\sigac-trabalho-semestral-yoshimidevz\\sigac\\vendor\\laravel\\framework\\src\\Illuminate\\Foundation\\Http\\Kernel.php(144): Illuminate\\Foundation\\Http\\Kernel->sendRequestThroughRouter(Object(Illuminate\\Http\\Request))
#33 C:\\Users\\Leandro Pivovarsky\\github\\sigac-trabalho-semestral-yoshimidevz\\sigac\\vendor\\laravel\\framework\\src\\Illuminate\\Foundation\\Application.php(1219): Illuminate\\Foundation\\Http\\Kernel->handle(Object(Illuminate\\Http\\Request))
#34 C:\\Users\\Leandro Pivovarsky\\github\\sigac-trabalho-semestral-yoshimidevz\\sigac\\public\\index.php(20): Illuminate\\Foundation\\Application->handleRequest(Object(Illuminate\\Http\\Request))
#35 C:\\Users\\Leandro Pivovarsky\\github\\sigac-trabalho-semestral-yoshimidevz\\sigac\\vendor\\laravel\\framework\\src\\Illuminate\\Foundation\\resources\\server.php(23): require_once('C:\\\\Users\\\\Leandr...')
#36 {main}
"} 
[2025-05-23 17:32:33] local.ERROR: Class "App\Http\Controllers\Controller" not found {"exception":"[object] (Error(code: 0): Class \"App\\Http\\Controllers\\Controller\" not found at C:\\Users\\Leandro Pivovarsky\\github\\sigac-trabalho-semestral-yoshimidevz\\sigac\\app\\Http\\Controllers\\HomeController.php:11)
[stacktrace]
#0 C:\\Users\\Leandro Pivovarsky\\github\\sigac-trabalho-semestral-yoshimidevz\\sigac\\vendor\\composer\\ClassLoader.php(576): include()
#1 C:\\Users\\Leandro Pivovarsky\\github\\sigac-trabalho-semestral-yoshimidevz\\sigac\\vendor\\composer\\ClassLoader.php(427): Composer\\Autoload\\{closure}('C:\\\\Users\\\\Leandr...')
#2 [internal function]: Composer\\Autoload\\ClassLoader->loadClass('App\\\\Http\\\\Contro...')
#3 C:\\Users\\Leandro Pivovarsky\\github\\sigac-trabalho-semestral-yoshimidevz\\sigac\\vendor\\laravel\\framework\\src\\Illuminate\\Routing\\Route.php(1119): is_a('App\\\\Http\\\\Contro...', 'Illuminate\\\\Rout...', true)
#4 C:\\Users\\Leandro Pivovarsky\\github\\sigac-trabalho-semestral-yoshimidevz\\sigac\\vendor\\laravel\\framework\\src\\Illuminate\\Routing\\Route.php(1056): Illuminate\\Routing\\Route->controllerMiddleware()
#5 C:\\Users\\Leandro Pivovarsky\\github\\sigac-trabalho-semestral-yoshimidevz\\sigac\\vendor\\laravel\\framework\\src\\Illuminate\\Routing\\Router.php(820): Illuminate\\Routing\\Route->gatherMiddleware()
#6 C:\\Users\\Leandro Pivovarsky\\github\\sigac-trabalho-semestral-yoshimidevz\\sigac\\vendor\\laravel\\framework\\src\\Illuminate\\Routing\\Router.php(802): Illuminate\\Routing\\Router->gatherRouteMiddleware(Object(Illuminate\\Routing\\Route))
#7 C:\\Users\\Leandro Pivovarsky\\github\\sigac-trabalho-semestral-yoshimidevz\\sigac\\vendor\\laravel\\framework\\src\\Illuminate\\Routing\\Router.php(786): Illuminate\\Routing\\Router->runRouteWithinStack(Object(Illuminate\\Routing\\Route), Object(Illuminate\\Http\\Request))
#8 C:\\Users\\Leandro Pivovarsky\\github\\sigac-trabalho-semestral-yoshimidevz\\sigac\\vendor\\laravel\\framework\\src\\Illuminate\\Routing\\Router.php(750): Illuminate\\Routing\\Router->runRoute(Object(Illuminate\\Http\\Request), Object(Illuminate\\Routing\\Route))
#9 C:\\Users\\Leandro Pivovarsky\\github\\sigac-trabalho-semestral-yoshimidevz\\sigac\\vendor\\laravel\\framework\\src\\Illuminate\\Routing\\Router.php(739): Illuminate\\Routing\\Router->dispatchToRoute(Object(Illuminate\\Http\\Request))
#10 C:\\Users\\Leandro Pivovarsky\\github\\sigac-trabalho-semestral-yoshimidevz\\sigac\\vendor\\laravel\\framework\\src\\Illuminate\\Foundation\\Http\\Kernel.php(200): Illuminate\\Routing\\Router->dispatch(Object(Illuminate\\Http\\Request))
#11 C:\\Users\\Leandro Pivovarsky\\github\\sigac-trabalho-semestral-yoshimidevz\\sigac\\vendor\\laravel\\framework\\src\\Illuminate\\Pipeline\\Pipeline.php(169): Illuminate\\Foundation\\Http\\Kernel->Illuminate\\Foundation\\Http\\{closure}(Object(Illuminate\\Http\\Request))
#12 C:\\Users\\Leandro Pivovarsky\\github\\sigac-trabalho-semestral-yoshimidevz\\sigac\\vendor\\laravel\\framework\\src\\Illuminate\\Foundation\\Http\\Middleware\\TransformsRequest.php(21): Illuminate\\Pipeline\\Pipeline->Illuminate\\Pipeline\\{closure}(Object(Illuminate\\Http\\Request))
#13 C:\\Users\\Leandro Pivovarsky\\github\\sigac-trabalho-semestral-yoshimidevz\\sigac\\vendor\\laravel\\framework\\src\\Illuminate\\Foundation\\Http\\Middleware\\ConvertEmptyStringsToNull.php(31): Illuminate\\Foundation\\Http\\Middleware\\TransformsRequest->handle(Object(Illuminate\\Http\\Request), Object(Closure))
#14 C:\\Users\\Leandro Pivovarsky\\github\\sigac-trabalho-semestral-yoshimidevz\\sigac\\vendor\\laravel\\framework\\src\\Illuminate\\Pipeline\\Pipeline.php(208): Illuminate\\Foundation\\Http\\Middleware\\ConvertEmptyStringsToNull->handle(Object(Illuminate\\Http\\Request), Object(Closure))
#15 C:\\Users\\Leandro Pivovarsky\\github\\sigac-trabalho-semestral-yoshimidevz\\sigac\\vendor\\laravel\\framework\\src\\Illuminate\\Foundation\\Http\\Middleware\\TransformsRequest.php(21): Illuminate\\Pipeline\\Pipeline->Illuminate\\Pipeline\\{closure}(Object(Illuminate\\Http\\Request))
#16 C:\\Users\\Leandro Pivovarsky\\github\\sigac-trabalho-semestral-yoshimidevz\\sigac\\vendor\\laravel\\framework\\src\\Illuminate\\Foundation\\Http\\Middleware\\TrimStrings.php(51): Illuminate\\Foundation\\Http\\Middleware\\TransformsRequest->handle(Object(Illuminate\\Http\\Request), Object(Closure))
#17 C:\\Users\\Leandro Pivovarsky\\github\\sigac-trabalho-semestral-yoshimidevz\\sigac\\vendor\\laravel\\framework\\src\\Illuminate\\Pipeline\\Pipeline.php(208): Illuminate\\Foundation\\Http\\Middleware\\TrimStrings->handle(Object(Illuminate\\Http\\Request), Object(Closure))
#18 C:\\Users\\Leandro Pivovarsky\\github\\sigac-trabalho-semestral-yoshimidevz\\sigac\\vendor\\laravel\\framework\\src\\Illuminate\\Http\\Middleware\\ValidatePostSize.php(27): Illuminate\\Pipeline\\Pipeline->Illuminate\\Pipeline\\{closure}(Object(Illuminate\\Http\\Request))
#19 C:\\Users\\Leandro Pivovarsky\\github\\sigac-trabalho-semestral-yoshimidevz\\sigac\\vendor\\laravel\\framework\\src\\Illuminate\\Pipeline\\Pipeline.php(208): Illuminate\\Http\\Middleware\\ValidatePostSize->handle(Object(Illuminate\\Http\\Request), Object(Closure))
#20 C:\\Users\\Leandro Pivovarsky\\github\\sigac-trabalho-semestral-yoshimidevz\\sigac\\vendor\\laravel\\framework\\src\\Illuminate\\Foundation\\Http\\Middleware\\PreventRequestsDuringMaintenance.php(109): Illuminate\\Pipeline\\Pipeline->Illuminate\\Pipeline\\{closure}(Object(Illuminate\\Http\\Request))
#21 C:\\Users\\Leandro Pivovarsky\\github\\sigac-trabalho-semestral-yoshimidevz\\sigac\\vendor\\laravel\\framework\\src\\Illuminate\\Pipeline\\Pipeline.php(208): Illuminate\\Foundation\\Http\\Middleware\\PreventRequestsDuringMaintenance->handle(Object(Illuminate\\Http\\Request), Object(Closure))
#22 C:\\Users\\Leandro Pivovarsky\\github\\sigac-trabalho-semestral-yoshimidevz\\sigac\\vendor\\laravel\\framework\\src\\Illuminate\\Http\\Middleware\\HandleCors.php(48): Illuminate\\Pipeline\\Pipeline->Illuminate\\Pipeline\\{closure}(Object(Illuminate\\Http\\Request))
#23 C:\\Users\\Leandro Pivovarsky\\github\\sigac-trabalho-semestral-yoshimidevz\\sigac\\vendor\\laravel\\framework\\src\\Illuminate\\Pipeline\\Pipeline.php(208): Illuminate\\Http\\Middleware\\HandleCors->handle(Object(Illuminate\\Http\\Request), Object(Closure))
#24 C:\\Users\\Leandro Pivovarsky\\github\\sigac-trabalho-semestral-yoshimidevz\\sigac\\vendor\\laravel\\framework\\src\\Illuminate\\Http\\Middleware\\TrustProxies.php(58): Illuminate\\Pipeline\\Pipeline->Illuminate\\Pipeline\\{closure}(Object(Illuminate\\Http\\Request))
#25 C:\\Users\\Leandro Pivovarsky\\github\\sigac-trabalho-semestral-yoshimidevz\\sigac\\vendor\\laravel\\framework\\src\\Illuminate\\Pipeline\\Pipeline.php(208): Illuminate\\Http\\Middleware\\TrustProxies->handle(Object(Illuminate\\Http\\Request), Object(Closure))
#26 C:\\Users\\Leandro Pivovarsky\\github\\sigac-trabalho-semestral-yoshimidevz\\sigac\\vendor\\laravel\\framework\\src\\Illuminate\\Foundation\\Http\\Middleware\\InvokeDeferredCallbacks.php(22): Illuminate\\Pipeline\\Pipeline->Illuminate\\Pipeline\\{closure}(Object(Illuminate\\Http\\Request))
#27 C:\\Users\\Leandro Pivovarsky\\github\\sigac-trabalho-semestral-yoshimidevz\\sigac\\vendor\\laravel\\framework\\src\\Illuminate\\Pipeline\\Pipeline.php(208): Illuminate\\Foundation\\Http\\Middleware\\InvokeDeferredCallbacks->handle(Object(Illuminate\\Http\\Request), Object(Closure))
#28 C:\\Users\\Leandro Pivovarsky\\github\\sigac-trabalho-semestral-yoshimidevz\\sigac\\vendor\\laravel\\framework\\src\\Illuminate\\Http\\Middleware\\ValidatePathEncoding.php(26): Illuminate\\Pipeline\\Pipeline->Illuminate\\Pipeline\\{closure}(Object(Illuminate\\Http\\Request))
#29 C:\\Users\\Leandro Pivovarsky\\github\\sigac-trabalho-semestral-yoshimidevz\\sigac\\vendor\\laravel\\framework\\src\\Illuminate\\Pipeline\\Pipeline.php(208): Illuminate\\Http\\Middleware\\ValidatePathEncoding->handle(Object(Illuminate\\Http\\Request), Object(Closure))
#30 C:\\Users\\Leandro Pivovarsky\\github\\sigac-trabalho-semestral-yoshimidevz\\sigac\\vendor\\laravel\\framework\\src\\Illuminate\\Pipeline\\Pipeline.php(126): Illuminate\\Pipeline\\Pipeline->Illuminate\\Pipeline\\{closure}(Object(Illuminate\\Http\\Request))
#31 C:\\Users\\Leandro Pivovarsky\\github\\sigac-trabalho-semestral-yoshimidevz\\sigac\\vendor\\laravel\\framework\\src\\Illuminate\\Foundation\\Http\\Kernel.php(175): Illuminate\\Pipeline\\Pipeline->then(Object(Closure))
#32 C:\\Users\\Leandro Pivovarsky\\github\\sigac-trabalho-semestral-yoshimidevz\\sigac\\vendor\\laravel\\framework\\src\\Illuminate\\Foundation\\Http\\Kernel.php(144): Illuminate\\Foundation\\Http\\Kernel->sendRequestThroughRouter(Object(Illuminate\\Http\\Request))
#33 C:\\Users\\Leandro Pivovarsky\\github\\sigac-trabalho-semestral-yoshimidevz\\sigac\\vendor\\laravel\\framework\\src\\Illuminate\\Foundation\\Application.php(1219): Illuminate\\Foundation\\Http\\Kernel->handle(Object(Illuminate\\Http\\Request))
#34 C:\\Users\\Leandro Pivovarsky\\github\\sigac-trabalho-semestral-yoshimidevz\\sigac\\public\\index.php(20): Illuminate\\Foundation\\Application->handleRequest(Object(Illuminate\\Http\\Request))
#35 C:\\Users\\Leandro Pivovarsky\\github\\sigac-trabalho-semestral-yoshimidevz\\sigac\\vendor\\laravel\\framework\\src\\Illuminate\\Foundation\\resources\\server.php(23): require_once('C:\\\\Users\\\\Leandr...')
#36 {main}
"} 
